<?xml version="1.0" encoding="UTF-8"?>
<!-- Generated by org.testng.reporters.JUnitReportReporter -->
<testsuite hostname="Bhavani" failures="0" tests="1" name="com.testpages.qa.SignUpPageTest" time="7.541" errors="0" timestamp="2024-08-28T21:25:59 EET" skipped="0">
  <testcase classname="com.testpages.qa.SignUpPageTest" name="openBrowser" time="7.541"/>
</testsuite> <!-- com.testpages.qa.SignUpPageTest -->
