<?xml version="1.0" encoding="UTF-8"?>
<!-- Generated by org.testng.reporters.JUnitReportReporter -->
<testsuite hostname="Bhavani" failures="0" tests="2" name="com.testpages.qa.LoginToHrmPageTest" time="12.471" errors="0" timestamp="2024-08-29T18:49:03 EET" skipped="0">
  <testcase classname="com.testpages.qa.LoginToHrmPageTest" name="logintoHrmPageTest" time="8.766"/>
  <testcase classname="com.testpages.qa.LoginToHrmPageTest" name="validateHrmPagetitleTest" time="3.705"/>
</testsuite> <!-- com.testpages.qa.LoginToHrmPageTest -->
