<?xml version="1.0" encoding="UTF-8"?>
<!-- Generated by org.testng.reporters.JUnitReportReporter -->
<testsuite hostname="Bhavani" failures="0" tests="5" name="testCases.TC003_LoginDataDrivenTest" time="35.436" errors="0" timestamp="2024-09-09T13:21:53 EET" skipped="0">
  <testcase classname="testCases.TC003_LoginDataDrivenTest" name="loginTestDDT" time="7.221"/>
  <testcase classname="testCases.TC003_LoginDataDrivenTest" name="loginTestDDT" time="7.478"/>
  <testcase classname="testCases.TC003_LoginDataDrivenTest" name="loginTestDDT" time="7.404"/>
  <testcase classname="testCases.TC003_LoginDataDrivenTest" name="loginTestDDT" time="6.914"/>
  <testcase classname="testCases.TC003_LoginDataDrivenTest" name="loginTestDDT" time="6.419"/>
</testsuite> <!-- testCases.TC003_LoginDataDrivenTest -->
