<?xml version="1.0" encoding="UTF-8"?>
<!-- Generated by org.testng.reporters.JUnitReportReporter -->
<testsuite hostname="Bhavani" failures="0" tests="2" name="com.testpages.qa.DashBoardPageTest" time="14.184" errors="0" timestamp="2024-08-29T17:02:35 EET" skipped="0">
  <testcase classname="com.testpages.qa.DashBoardPageTest" name="varifyDashboardTextonPageTest" time="7.535"/>
  <testcase classname="com.testpages.qa.DashBoardPageTest" name="varifyAndPrintListOfElementsInSearchIconSideTest" time="6.649"/>
</testsuite> <!-- com.testpages.qa.DashBoardPageTest -->
