<?xml version="1.0" encoding="UTF-8"?>
<!-- Generated by org.testng.reporters.JUnitReportReporter -->
<testsuite hostname="Bhavani" failures="0" tests="1" name="testCases.RegistrationPageTest" time="7.798" errors="0" timestamp="2024-09-05T16:12:42 EET" skipped="0">
  <testcase classname="testCases.RegistrationPageTest" name="registrationPageTest" time="7.798"/>
</testsuite> <!-- testCases.RegistrationPageTest -->
