<?xml version="1.0" encoding="UTF-8"?>
<!-- Generated by org.testng.reporters.JUnitReportReporter -->
<testsuite hostname="Bhavani" failures="0" tests="1" name="testCases.TC001_RegistrationPageTest" time="8.864" errors="0" timestamp="2024-09-11T16:03:17 EET" skipped="0">
  <testcase classname="testCases.TC001_RegistrationPageTest" name="registrationPageTest" time="8.864"/>
</testsuite> <!-- testCases.TC001_RegistrationPageTest -->
